<?xml version="1.0" encoding="UTF-8"?>
<!-- Generated by org.testng.reporters.JUnitXMLReporter -->
<testsuite hostname="LAPTOP-QU7UVLMV" ignored="2" name="Default test" tests="4" failures="0" timestamp="22 Jul 2021 13:12:28 GMT" time="0.063" errors="0">
  <testcase name="tc4" time="0.006" classname="org.testcases.Cls1"/>
  <testcase name="tc2" time="0.001" classname="org.testcases.Cls1"/>
  <testcase name="tc3" time="0.002" classname="org.testcases.Cls1"/>
  <testcase name="tc3" time="0.002" classname="org.testcases.Cls1"/>
  <testcase name="tc5" time="0.0" classname="org.testcases.Cls1">
    <ignored/>
  </testcase> <!-- tc5 -->
  <testcase name="tc1" time="0.0" classname="org.testcases.Cls1">
    <ignored/>
  </testcase> <!-- tc1 -->
</testsuite> <!-- Default test -->
