<?xml version="1.0" encoding="UTF-8"?>
<!-- Generated by org.testng.reporters.JUnitXMLReporter -->
<testsuite hostname="LAPTOP-QU7UVLMV" ignored="0" name="Test" tests="25" failures="0" timestamp="22 Jul 2021 13:08:49 GMT" time="0.149" errors="0">
  <testcase name="tc1" time="0.005" classname="org.testcases.Cls1"/>
  <testcase name="tc2" time="0.0" classname="org.testcases.Cls1"/>
  <testcase name="tc3" time="0.002" classname="org.testcases.Cls1"/>
  <testcase name="tc4" time="0.005" classname="org.testcases.Cls1"/>
  <testcase name="tc5" time="0.001" classname="org.testcases.Cls1"/>
  <testcase name="tc10" time="0.001" classname="org.testcases.Cls2"/>
  <testcase name="tc6" time="0.002" classname="org.testcases.Cls2"/>
  <testcase name="tc7" time="0.002" classname="org.testcases.Cls2"/>
  <testcase name="tc8" time="0.001" classname="org.testcases.Cls2"/>
  <testcase name="tc9" time="0.001" classname="org.testcases.Cls2"/>
  <testcase name="tc11" time="0.0" classname="org.testcases.Cls3"/>
  <testcase name="tc12" time="0.001" classname="org.testcases.Cls3"/>
  <testcase name="tc13" time="0.001" classname="org.testcases.Cls3"/>
  <testcase name="tc14" time="0.003" classname="org.testcases.Cls3"/>
  <testcase name="tc15" time="0.003" classname="org.testcases.Cls3"/>
  <testcase name="tc16" time="0.0" classname="org.testcases.Cls4"/>
  <testcase name="tc17" time="0.001" classname="org.testcases.Cls4"/>
  <testcase name="tc18" time="0.001" classname="org.testcases.Cls4"/>
  <testcase name="tc19" time="0.002" classname="org.testcases.Cls4"/>
  <testcase name="tc20" time="0.0" classname="org.testcases.Cls4"/>
  <testcase name="tc21" time="0.0" classname="org.testcases.Cls5"/>
  <testcase name="tc22" time="0.0" classname="org.testcases.Cls5"/>
  <testcase name="tc23" time="0.0" classname="org.testcases.Cls5"/>
  <testcase name="tc24" time="0.0" classname="org.testcases.Cls5"/>
  <testcase name="tc25" time="0.0" classname="org.testcases.Cls5"/>
</testsuite> <!-- Test -->
