<?xml version="1.0" encoding="UTF-8"?>
<testng-results skipped="0" failed="0" ignored="2" total="6" passed="4">
  <reporter-output>
  </reporter-output>
  <suite name="Default suite" duration-ms="63" started-at="2021-07-22T13:12:28Z" finished-at="2021-07-22T13:12:28Z">
    <groups>
    </groups>
    <test name="Default test" duration-ms="63" started-at="2021-07-22T13:12:28Z" finished-at="2021-07-22T13:12:28Z">
      <class name="org.testcases.Cls1">
        <test-method status="PASS" signature="beforeMethod()[pri:0, instance:org.testcases.Cls1@2ddc8ecb]" name="beforeMethod" is-config="true" duration-ms="10" started-at="2021-07-22T13:12:28Z" finished-at="2021-07-22T13:12:28Z">
          <reporter-output>
          </reporter-output>
        </test-method> <!-- beforeMethod -->
        <test-method status="PASS" signature="tc4()[pri:-1, instance:org.testcases.Cls1@2ddc8ecb]" name="tc4" duration-ms="6" started-at="2021-07-22T13:12:28Z" finished-at="2021-07-22T13:12:28Z">
          <reporter-output>
          </reporter-output>
        </test-method> <!-- tc4 -->
        <test-method status="PASS" signature="afterMethod()[pri:0, instance:org.testcases.Cls1@2ddc8ecb]" name="afterMethod" is-config="true" duration-ms="0" started-at="2021-07-22T13:12:28Z" finished-at="2021-07-22T13:12:28Z">
          <reporter-output>
          </reporter-output>
        </test-method> <!-- afterMethod -->
        <test-method status="PASS" signature="tc2()[pri:0, instance:org.testcases.Cls1@2ddc8ecb]" name="tc2" duration-ms="1" started-at="2021-07-22T13:12:28Z" finished-at="2021-07-22T13:12:28Z">
          <reporter-output>
          </reporter-output>
        </test-method> <!-- tc2 -->
        <test-method status="PASS" signature="beforeMethod()[pri:0, instance:org.testcases.Cls1@2ddc8ecb]" name="beforeMethod" is-config="true" duration-ms="0" started-at="2021-07-22T13:12:28Z" finished-at="2021-07-22T13:12:28Z">
          <reporter-output>
          </reporter-output>
        </test-method> <!-- beforeMethod -->
        <test-method status="PASS" signature="afterMethod()[pri:0, instance:org.testcases.Cls1@2ddc8ecb]" name="afterMethod" is-config="true" duration-ms="1" started-at="2021-07-22T13:12:28Z" finished-at="2021-07-22T13:12:28Z">
          <reporter-output>
          </reporter-output>
        </test-method> <!-- afterMethod -->
        <test-method status="PASS" signature="beforeMethod()[pri:0, instance:org.testcases.Cls1@2ddc8ecb]" name="beforeMethod" is-config="true" duration-ms="0" started-at="2021-07-22T13:12:28Z" finished-at="2021-07-22T13:12:28Z">
          <reporter-output>
          </reporter-output>
        </test-method> <!-- beforeMethod -->
        <test-method status="PASS" signature="tc3()[pri:0, instance:org.testcases.Cls1@2ddc8ecb]" name="tc3" duration-ms="2" started-at="2021-07-22T13:12:28Z" finished-at="2021-07-22T13:12:28Z">
          <reporter-output>
          </reporter-output>
        </test-method> <!-- tc3 -->
        <test-method status="PASS" signature="afterMethod()[pri:0, instance:org.testcases.Cls1@2ddc8ecb]" name="afterMethod" is-config="true" duration-ms="1" started-at="2021-07-22T13:12:28Z" finished-at="2021-07-22T13:12:28Z">
          <reporter-output>
          </reporter-output>
        </test-method> <!-- afterMethod -->
        <test-method status="PASS" signature="tc3()[pri:0, instance:org.testcases.Cls1@2ddc8ecb]" name="tc3" duration-ms="2" started-at="2021-07-22T13:12:28Z" finished-at="2021-07-22T13:12:28Z">
          <reporter-output>
          </reporter-output>
        </test-method> <!-- tc3 -->
        <test-method status="PASS" signature="beforeMethod()[pri:0, instance:org.testcases.Cls1@2ddc8ecb]" name="beforeMethod" is-config="true" duration-ms="0" started-at="2021-07-22T13:12:28Z" finished-at="2021-07-22T13:12:28Z">
          <reporter-output>
          </reporter-output>
        </test-method> <!-- beforeMethod -->
        <test-method status="PASS" signature="afterMethod()[pri:0, instance:org.testcases.Cls1@2ddc8ecb]" name="afterMethod" is-config="true" duration-ms="0" started-at="2021-07-22T13:12:28Z" finished-at="2021-07-22T13:12:28Z">
          <reporter-output>
          </reporter-output>
        </test-method> <!-- afterMethod -->
      </class> <!-- org.testcases.Cls1 -->
    </test> <!-- Default test -->
  </suite> <!-- Default suite -->
</testng-results>
